Flow report for cpu-verilog
Mon Jun 03 19:59:34 2013
Version 6.0 Build 178 04/27/2006 SJ Full Version


---------------------
; Table of Contents ;
---------------------
  1. Legal Notice
  2. Flow Summary
  3. Flow Settings
  4. Flow Non-Default Global Settings
  5. Flow Elapsed Time
  6. Flow Log



----------------
; Legal Notice ;
----------------
Copyright (C) 1991-2006 Altera Corporation
Your use of Altera Corporation's design tools, logic functions 
and other software and tools, and its AMPP partner logic 
functions, and any output files any of the foregoing 
(including device programming or simulation files), and any 
associated documentation or information are expressly subject 
to the terms and conditions of the Altera Program License 
Subscription Agreement, Altera MegaCore Function License 
Agreement, or other applicable license agreement, including, 
without limitation, that your use is for the sole purpose of 
programming logic devices manufactured by Altera and sold by 
Altera or its authorized distributors.  Please refer to the 
applicable agreement for further details.



+--------------------------------------------------------------------+
; Flow Summary                                                       ;
+-------------------------+------------------------------------------+
; Flow Status             ; Flow Failed - Mon Jun 03 19:59:34 2013   ;
; Quartus II Version      ; 6.0 Build 178 04/27/2006 SJ Full Version ;
; Revision Name           ; cpu-verilog                              ;
; Top-level Entity Name   ; cpu                                      ;
; Family                  ; FLEX10K                                  ;
; Met timing requirements ; N/A                                      ;
+-------------------------+------------------------------------------+


+-----------------------------------------+
; Flow Settings                           ;
+-------------------+---------------------+
; Option            ; Setting             ;
+-------------------+---------------------+
; Start date & time ; 06/03/2013 19:59:30 ;
; Main task         ; Compilation         ;
; Revision Name     ; cpu-verilog         ;
+-------------------+---------------------+


+---------------------------------------------------------------------+
; Flow Non-Default Global Settings                                    ;
+------------------+-------+---------------+-------------+------------+
; Assignment Name  ; Value ; Default Value ; Entity Name ; Section Id ;
+------------------+-------+---------------+-------------+------------+
; TOP_LEVEL_ENTITY ; cpu   ; cpu-verilog   ; --          ; --         ;
+------------------+-------+---------------+-------------+------------+


+-------------------------------------+
; Flow Elapsed Time                   ;
+----------------------+--------------+
; Module Name          ; Elapsed Time ;
+----------------------+--------------+
; Analysis & Synthesis ; 00:00:05     ;
; Total                ; 00:00:05     ;
+----------------------+--------------+


------------
; Flow Log ;
------------
quartus_map --read_settings_files=on --write_settings_files=off cpu -c cpu-verilog



